{"level":30,"time":1699430783303,"pid":5970,"hostname":"69b40b59728c","msg":"Successfully connected to MongoDB Atlas!"}
{"level":30,"time":1699430783556,"pid":5970,"hostname":"69b40b59728c","msg":"Messsage reservation bot started!"}
{"level":30,"time":1699430843314,"pid":5970,"hostname":"69b40b59728c","msg":"Checking reminders..."}
{"level":30,"time":1699430843416,"pid":5970,"hostname":"69b40b59728c","msg":"0 reminders found."}
{"level":30,"time":1699430903325,"pid":5970,"hostname":"69b40b59728c","msg":"Checking reminders..."}
{"level":30,"time":1699430903431,"pid":5970,"hostname":"69b40b59728c","msg":"0 reminders found."}
{"level":30,"time":1699430963336,"pid":5970,"hostname":"69b40b59728c","msg":"Checking reminders..."}
{"level":30,"time":1699430963408,"pid":5970,"hostname":"69b40b59728c","msg":"0 reminders found."}
{"level":30,"time":1699431023345,"pid":5970,"hostname":"69b40b59728c","msg":"Checking reminders..."}
{"level":30,"time":1699431023411,"pid":5970,"hostname":"69b40b59728c","msg":"0 reminders found."}
{"level":30,"time":1699431083352,"pid":5970,"hostname":"69b40b59728c","msg":"Checking reminders..."}
{"level":30,"time":1699431083402,"pid":5970,"hostname":"69b40b59728c","msg":"0 reminders found."}
{"level":30,"time":1699431143360,"pid":5970,"hostname":"69b40b59728c","msg":"Checking reminders..."}
{"level":30,"time":1699431143495,"pid":5970,"hostname":"69b40b59728c","msg":"0 reminders found."}
{"level":30,"time":1699431203371,"pid":5970,"hostname":"69b40b59728c","msg":"Checking reminders..."}
{"level":30,"time":1699431203433,"pid":5970,"hostname":"69b40b59728c","msg":"0 reminders found."}
{"level":30,"time":1699431263377,"pid":5970,"hostname":"69b40b59728c","msg":"Checking reminders..."}
{"level":30,"time":1699431263432,"pid":5970,"hostname":"69b40b59728c","msg":"0 reminders found."}
{"level":30,"time":1699431323379,"pid":5970,"hostname":"69b40b59728c","msg":"Checking reminders..."}
{"level":30,"time":1699431323440,"pid":5970,"hostname":"69b40b59728c","msg":"0 reminders found."}
{"level":30,"time":1699431383387,"pid":5970,"hostname":"69b40b59728c","msg":"Checking reminders..."}
{"level":30,"time":1699431383452,"pid":5970,"hostname":"69b40b59728c","msg":"0 reminders found."}
{"level":30,"time":1699431443398,"pid":5970,"hostname":"69b40b59728c","msg":"Checking reminders..."}
{"level":30,"time":1699431443462,"pid":5970,"hostname":"69b40b59728c","msg":"0 reminders found."}
{"level":30,"time":1699431503408,"pid":5970,"hostname":"69b40b59728c","msg":"Checking reminders..."}
{"level":30,"time":1699431503482,"pid":5970,"hostname":"69b40b59728c","msg":"0 reminders found."}
{"level":30,"time":1699431563291,"pid":5970,"hostname":"69b40b59728c","msg":"Checking reminders..."}
{"level":30,"time":1699431563448,"pid":5970,"hostname":"69b40b59728c","msg":"0 reminders found."}
{"level":30,"time":1699431623290,"pid":5970,"hostname":"69b40b59728c","msg":"Checking reminders..."}
{"level":30,"time":1699431623357,"pid":5970,"hostname":"69b40b59728c","msg":"0 reminders found."}
{"level":30,"time":1699431683294,"pid":5970,"hostname":"69b40b59728c","msg":"Checking reminders..."}
{"level":30,"time":1699431683353,"pid":5970,"hostname":"69b40b59728c","msg":"0 reminders found."}
{"level":30,"time":1699431743299,"pid":5970,"hostname":"69b40b59728c","msg":"Checking reminders..."}
{"level":30,"time":1699431743382,"pid":5970,"hostname":"69b40b59728c","msg":"0 reminders found."}
{"level":30,"time":1699431803305,"pid":5970,"hostname":"69b40b59728c","msg":"Checking reminders..."}
{"level":30,"time":1699431803385,"pid":5970,"hostname":"69b40b59728c","msg":"0 reminders found."}
{"level":30,"time":1699431863309,"pid":5970,"hostname":"69b40b59728c","msg":"Checking reminders..."}
{"level":30,"time":1699431863415,"pid":5970,"hostname":"69b40b59728c","msg":"0 reminders found."}
{"level":30,"time":1699431923310,"pid":5970,"hostname":"69b40b59728c","msg":"Checking reminders..."}
{"level":30,"time":1699431923429,"pid":5970,"hostname":"69b40b59728c","msg":"0 reminders found."}
{"level":30,"time":1699431983314,"pid":5970,"hostname":"69b40b59728c","msg":"Checking reminders..."}
{"level":30,"time":1699431983369,"pid":5970,"hostname":"69b40b59728c","msg":"0 reminders found."}
{"level":30,"time":1699432043316,"pid":5970,"hostname":"69b40b59728c","msg":"Checking reminders..."}
{"level":30,"time":1699432043363,"pid":5970,"hostname":"69b40b59728c","msg":"0 reminders found."}
{"level":30,"time":1699432103317,"pid":5970,"hostname":"69b40b59728c","msg":"Checking reminders..."}
{"level":30,"time":1699432103387,"pid":5970,"hostname":"69b40b59728c","msg":"0 reminders found."}
{"level":30,"time":1699432163321,"pid":5970,"hostname":"69b40b59728c","msg":"Checking reminders..."}
{"level":30,"time":1699432163365,"pid":5970,"hostname":"69b40b59728c","msg":"0 reminders found."}
{"level":30,"time":1699432223322,"pid":5970,"hostname":"69b40b59728c","msg":"Checking reminders..."}
{"level":30,"time":1699432223374,"pid":5970,"hostname":"69b40b59728c","msg":"0 reminders found."}
{"level":30,"time":1699432283320,"pid":5970,"hostname":"69b40b59728c","msg":"Checking reminders..."}
{"level":30,"time":1699432283370,"pid":5970,"hostname":"69b40b59728c","msg":"0 reminders found."}
{"level":30,"time":1699432343322,"pid":5970,"hostname":"69b40b59728c","msg":"Checking reminders..."}
{"level":30,"time":1699432343378,"pid":5970,"hostname":"69b40b59728c","msg":"0 reminders found."}
{"level":30,"time":1699432403322,"pid":5970,"hostname":"69b40b59728c","msg":"Checking reminders..."}
{"level":30,"time":1699432403382,"pid":5970,"hostname":"69b40b59728c","msg":"0 reminders found."}
{"level":30,"time":1699432463487,"pid":5970,"hostname":"69b40b59728c","msg":"Checking reminders..."}
{"level":30,"time":1699432463536,"pid":5970,"hostname":"69b40b59728c","msg":"0 reminders found."}
{"level":30,"time":1699432523492,"pid":5970,"hostname":"69b40b59728c","msg":"Checking reminders..."}
{"level":30,"time":1699432523557,"pid":5970,"hostname":"69b40b59728c","msg":"0 reminders found."}
{"level":30,"time":1699432583502,"pid":5970,"hostname":"69b40b59728c","msg":"Checking reminders..."}
{"level":30,"time":1699432583551,"pid":5970,"hostname":"69b40b59728c","msg":"0 reminders found."}
{"level":30,"time":1699432643509,"pid":5970,"hostname":"69b40b59728c","msg":"Checking reminders..."}
{"level":30,"time":1699432643550,"pid":5970,"hostname":"69b40b59728c","msg":"0 reminders found."}
{"level":30,"time":1699432703513,"pid":5970,"hostname":"69b40b59728c","msg":"Checking reminders..."}
{"level":30,"time":1699432703584,"pid":5970,"hostname":"69b40b59728c","msg":"0 reminders found."}
{"level":30,"time":1699432763521,"pid":5970,"hostname":"69b40b59728c","msg":"Checking reminders..."}
{"level":30,"time":1699432763585,"pid":5970,"hostname":"69b40b59728c","msg":"0 reminders found."}
{"level":30,"time":1699432823531,"pid":5970,"hostname":"69b40b59728c","msg":"Checking reminders..."}
{"level":30,"time":1699432823574,"pid":5970,"hostname":"69b40b59728c","msg":"0 reminders found."}
{"level":30,"time":1699432883549,"pid":5970,"hostname":"69b40b59728c","msg":"Checking reminders..."}
{"level":30,"time":1699432883593,"pid":5970,"hostname":"69b40b59728c","msg":"0 reminders found."}
{"level":30,"time":1699432943562,"pid":5970,"hostname":"69b40b59728c","msg":"Checking reminders..."}
{"level":30,"time":1699432943615,"pid":5970,"hostname":"69b40b59728c","msg":"0 reminders found."}
{"level":30,"time":1699433003576,"pid":5970,"hostname":"69b40b59728c","msg":"Checking reminders..."}
{"level":30,"time":1699433003631,"pid":5970,"hostname":"69b40b59728c","msg":"0 reminders found."}
{"level":30,"time":1699433063587,"pid":5970,"hostname":"69b40b59728c","msg":"Checking reminders..."}
{"level":30,"time":1699433063755,"pid":5970,"hostname":"69b40b59728c","msg":"0 reminders found."}
{"level":30,"time":1699433123597,"pid":5970,"hostname":"69b40b59728c","msg":"Checking reminders..."}
{"level":30,"time":1699433123661,"pid":5970,"hostname":"69b40b59728c","msg":"0 reminders found."}
{"level":30,"time":1699433183606,"pid":5970,"hostname":"69b40b59728c","msg":"Checking reminders..."}
{"level":30,"time":1699433183640,"pid":5970,"hostname":"69b40b59728c","msg":"0 reminders found."}
{"level":30,"time":1699433243622,"pid":5970,"hostname":"69b40b59728c","msg":"Checking reminders..."}
{"level":30,"time":1699433243660,"pid":5970,"hostname":"69b40b59728c","msg":"0 reminders found."}
{"level":30,"time":1699433303630,"pid":5970,"hostname":"69b40b59728c","msg":"Checking reminders..."}
{"level":30,"time":1699433303670,"pid":5970,"hostname":"69b40b59728c","msg":"0 reminders found."}
{"level":30,"time":1699433363638,"pid":5970,"hostname":"69b40b59728c","msg":"Checking reminders..."}
{"level":30,"time":1699433363704,"pid":5970,"hostname":"69b40b59728c","msg":"0 reminders found."}
{"level":30,"time":1699433386167,"pid":6782,"hostname":"69b40b59728c","msg":"Messsage reservation bot started!"}
{"level":30,"time":1699433386780,"pid":6782,"hostname":"69b40b59728c","msg":"Successfully connected to MongoDB Atlas!"}
{"level":30,"time":1699433414802,"pid":6816,"hostname":"69b40b59728c"}
{"level":30,"time":1699433416262,"pid":6816,"hostname":"69b40b59728c","msg":"Successfully connected to MongoDB Atlas!"}
{"level":30,"time":1699433416717,"pid":6816,"hostname":"69b40b59728c","msg":"Messsage reservation bot started!"}
{"level":30,"time":1699433435501,"pid":6839,"hostname":"69b40b59728c","msg":"NODE_ENV=undefined"}
{"level":30,"time":1699433436696,"pid":6839,"hostname":"69b40b59728c","msg":"Successfully connected to MongoDB Atlas!"}
{"level":30,"time":1699433437483,"pid":6839,"hostname":"69b40b59728c","msg":"Messsage reservation bot started!"}
{"level":30,"time":1699433496703,"pid":6839,"hostname":"69b40b59728c","msg":"Checking reminders..."}
{"level":30,"time":1699433496803,"pid":6839,"hostname":"69b40b59728c","msg":"0 reminders found."}
{"level":30,"time":1699433556623,"pid":6839,"hostname":"69b40b59728c","msg":"Checking reminders..."}
{"level":30,"time":1699433556723,"pid":6839,"hostname":"69b40b59728c","msg":"0 reminders found."}
{"level":30,"time":1699433616632,"pid":6839,"hostname":"69b40b59728c","msg":"Checking reminders..."}
{"level":30,"time":1699433616688,"pid":6839,"hostname":"69b40b59728c","msg":"0 reminders found."}
{"level":30,"time":1699433676638,"pid":6839,"hostname":"69b40b59728c","msg":"Checking reminders..."}
{"level":30,"time":1699433676662,"pid":6839,"hostname":"69b40b59728c","msg":"0 reminders found."}
{"level":30,"time":1699433736642,"pid":6839,"hostname":"69b40b59728c","msg":"Checking reminders..."}
{"level":30,"time":1699433736692,"pid":6839,"hostname":"69b40b59728c","msg":"0 reminders found."}
{"level":30,"time":1699434457165,"pid":6929,"hostname":"69b40b59728c","msg":"NODE_ENV=local"}
{"level":30,"time":1699434458712,"pid":6929,"hostname":"69b40b59728c","msg":"Successfully connected to MongoDB Atlas!"}
{"level":30,"time":1699434459037,"pid":6929,"hostname":"69b40b59728c","msg":"Messsage reservation bot started!"}
{"level":30,"time":1699434490024,"pid":6980,"hostname":"69b40b59728c","msg":"NODE_ENV=local"}
{"level":30,"time":1699434492093,"pid":6980,"hostname":"69b40b59728c","msg":"Successfully connected to MongoDB Atlas!"}
{"level":30,"time":1699434492325,"pid":6980,"hostname":"69b40b59728c","msg":"Messsage reservation bot started!"}
{"level":30,"time":1699434555444,"pid":7029,"hostname":"69b40b59728c","msg":"NODE_ENV=local"}
{"level":30,"time":1699434555446,"pid":7029,"hostname":"69b40b59728c","msg":"Successfully connected to MongoDB Atlas!"}
{"level":30,"time":1699434555631,"pid":7029,"hostname":"69b40b59728c","msg":"Messsage reservation bot started!"}
{"level":30,"time":1699434615451,"pid":7029,"hostname":"69b40b59728c","msg":"Checking reminders..."}
{"level":30,"time":1699434615524,"pid":7029,"hostname":"69b40b59728c","msg":"0 reminders found."}
{"level":30,"time":1699434675457,"pid":7029,"hostname":"69b40b59728c","msg":"Checking reminders..."}
{"level":30,"time":1699434675513,"pid":7029,"hostname":"69b40b59728c","msg":"0 reminders found."}
{"level":30,"time":1699434735467,"pid":7029,"hostname":"69b40b59728c","msg":"Checking reminders..."}
{"level":30,"time":1699434735526,"pid":7029,"hostname":"69b40b59728c","msg":"0 reminders found."}
{"level":30,"time":1699434795469,"pid":7029,"hostname":"69b40b59728c","msg":"Checking reminders..."}
{"level":30,"time":1699434795512,"pid":7029,"hostname":"69b40b59728c","msg":"0 reminders found."}
{"level":30,"time":1699434855482,"pid":7029,"hostname":"69b40b59728c","msg":"Checking reminders..."}
{"level":30,"time":1699434855541,"pid":7029,"hostname":"69b40b59728c","msg":"0 reminders found."}
{"level":30,"time":1699434915482,"pid":7029,"hostname":"69b40b59728c","msg":"Checking reminders..."}
{"level":30,"time":1699434915532,"pid":7029,"hostname":"69b40b59728c","msg":"0 reminders found."}
{"level":30,"time":1699434975492,"pid":7029,"hostname":"69b40b59728c","msg":"Checking reminders..."}
{"level":30,"time":1699434975580,"pid":7029,"hostname":"69b40b59728c","msg":"0 reminders found."}
{"level":30,"time":1699435035501,"pid":7029,"hostname":"69b40b59728c","msg":"Checking reminders..."}
{"level":30,"time":1699435035672,"pid":7029,"hostname":"69b40b59728c","msg":"0 reminders found."}
{"level":30,"time":1699435095511,"pid":7029,"hostname":"69b40b59728c","msg":"Checking reminders..."}
{"level":30,"time":1699435096093,"pid":7029,"hostname":"69b40b59728c","msg":"0 reminders found."}
{"level":30,"time":1699435155516,"pid":7029,"hostname":"69b40b59728c","msg":"Checking reminders..."}
{"level":30,"time":1699435155589,"pid":7029,"hostname":"69b40b59728c","msg":"0 reminders found."}
{"level":30,"time":1699435215525,"pid":7029,"hostname":"69b40b59728c","msg":"Checking reminders..."}
{"level":30,"time":1699435215601,"pid":7029,"hostname":"69b40b59728c","msg":"0 reminders found."}
{"level":30,"time":1699435275532,"pid":7029,"hostname":"69b40b59728c","msg":"Checking reminders..."}
{"level":30,"time":1699435275594,"pid":7029,"hostname":"69b40b59728c","msg":"0 reminders found."}
{"level":30,"time":1699435335541,"pid":7029,"hostname":"69b40b59728c","msg":"Checking reminders..."}
{"level":30,"time":1699435335620,"pid":7029,"hostname":"69b40b59728c","msg":"0 reminders found."}
{"level":30,"time":1699435395552,"pid":7029,"hostname":"69b40b59728c","msg":"Checking reminders..."}
{"level":30,"time":1699435395639,"pid":7029,"hostname":"69b40b59728c","msg":"0 reminders found."}
{"level":30,"time":1699435455558,"pid":7029,"hostname":"69b40b59728c","msg":"Checking reminders..."}
{"level":30,"time":1699435455597,"pid":7029,"hostname":"69b40b59728c","msg":"0 reminders found."}
{"level":30,"time":1699435515564,"pid":7029,"hostname":"69b40b59728c","msg":"Checking reminders..."}
{"level":30,"time":1699435515628,"pid":7029,"hostname":"69b40b59728c","msg":"0 reminders found."}
{"level":30,"time":1699435575568,"pid":7029,"hostname":"69b40b59728c","msg":"Checking reminders..."}
{"level":30,"time":1699435575618,"pid":7029,"hostname":"69b40b59728c","msg":"0 reminders found."}
{"level":30,"time":1699435635576,"pid":7029,"hostname":"69b40b59728c","msg":"Checking reminders..."}
{"level":30,"time":1699435635737,"pid":7029,"hostname":"69b40b59728c","msg":"0 reminders found."}
{"level":30,"time":1699435695583,"pid":7029,"hostname":"69b40b59728c","msg":"Checking reminders..."}
{"level":30,"time":1699435695657,"pid":7029,"hostname":"69b40b59728c","msg":"0 reminders found."}
{"level":30,"time":1699435755587,"pid":7029,"hostname":"69b40b59728c","msg":"Checking reminders..."}
{"level":30,"time":1699435755648,"pid":7029,"hostname":"69b40b59728c","msg":"0 reminders found."}
{"level":30,"time":1699435815596,"pid":7029,"hostname":"69b40b59728c","msg":"Checking reminders..."}
{"level":30,"time":1699435815672,"pid":7029,"hostname":"69b40b59728c","msg":"0 reminders found."}
{"level":30,"time":1699435875602,"pid":7029,"hostname":"69b40b59728c","msg":"Checking reminders..."}
{"level":30,"time":1699435875641,"pid":7029,"hostname":"69b40b59728c","msg":"0 reminders found."}
{"level":30,"time":1699435935604,"pid":7029,"hostname":"69b40b59728c","msg":"Checking reminders..."}
{"level":30,"time":1699435935650,"pid":7029,"hostname":"69b40b59728c","msg":"0 reminders found."}
{"level":30,"time":1699435995607,"pid":7029,"hostname":"69b40b59728c","msg":"Checking reminders..."}
{"level":30,"time":1699435995657,"pid":7029,"hostname":"69b40b59728c","msg":"0 reminders found."}
{"level":30,"time":1699436055609,"pid":7029,"hostname":"69b40b59728c","msg":"Checking reminders..."}
{"level":30,"time":1699436055692,"pid":7029,"hostname":"69b40b59728c","msg":"0 reminders found."}
{"level":30,"time":1699436115614,"pid":7029,"hostname":"69b40b59728c","msg":"Checking reminders..."}
{"level":30,"time":1699436115654,"pid":7029,"hostname":"69b40b59728c","msg":"0 reminders found."}
{"level":30,"time":1699436175615,"pid":7029,"hostname":"69b40b59728c","msg":"Checking reminders..."}
{"level":30,"time":1699436175668,"pid":7029,"hostname":"69b40b59728c","msg":"0 reminders found."}
{"level":30,"time":1699436235616,"pid":7029,"hostname":"69b40b59728c","msg":"Checking reminders..."}
{"level":30,"time":1699436235673,"pid":7029,"hostname":"69b40b59728c","msg":"0 reminders found."}
{"level":30,"time":1699436295621,"pid":7029,"hostname":"69b40b59728c","msg":"Checking reminders..."}
{"level":30,"time":1699436295672,"pid":7029,"hostname":"69b40b59728c","msg":"0 reminders found."}
{"level":30,"time":1699436355623,"pid":7029,"hostname":"69b40b59728c","msg":"Checking reminders..."}
{"level":30,"time":1699436355672,"pid":7029,"hostname":"69b40b59728c","msg":"0 reminders found."}
{"level":30,"time":1699436415627,"pid":7029,"hostname":"69b40b59728c","msg":"Checking reminders..."}
{"level":30,"time":1699436415666,"pid":7029,"hostname":"69b40b59728c","msg":"0 reminders found."}
{"level":30,"time":1699436475628,"pid":7029,"hostname":"69b40b59728c","msg":"Checking reminders..."}
{"level":30,"time":1699436475673,"pid":7029,"hostname":"69b40b59728c","msg":"0 reminders found."}
{"level":30,"time":1699436535631,"pid":7029,"hostname":"69b40b59728c","msg":"Checking reminders..."}
{"level":30,"time":1699436535869,"pid":7029,"hostname":"69b40b59728c","msg":"0 reminders found."}
{"level":30,"time":1699436595632,"pid":7029,"hostname":"69b40b59728c","msg":"Checking reminders..."}
{"level":30,"time":1699436595680,"pid":7029,"hostname":"69b40b59728c","msg":"0 reminders found."}
{"level":30,"time":1699436655631,"pid":7029,"hostname":"69b40b59728c","msg":"Checking reminders..."}
{"level":30,"time":1699436655691,"pid":7029,"hostname":"69b40b59728c","msg":"0 reminders found."}
{"level":30,"time":1699436715632,"pid":7029,"hostname":"69b40b59728c","msg":"Checking reminders..."}
{"level":30,"time":1699436715669,"pid":7029,"hostname":"69b40b59728c","msg":"0 reminders found."}
{"level":30,"time":1699436775632,"pid":7029,"hostname":"69b40b59728c","msg":"Checking reminders..."}
{"level":30,"time":1699436775830,"pid":7029,"hostname":"69b40b59728c","msg":"0 reminders found."}
